<?xml version="1.0" encoding="UTF-8"?>
<testsuite xmlns:xsi="http://www.w3.org/2001/XMLSchema-instance" xsi:noNamespaceSchemaLocation="https://maven.apache.org/surefire/maven-surefire-plugin/xsd/surefire-test-report-3.0.xsd" version="3.0" name="allaboutecm.model.ReviewUnitTest" time="10.117" tests="17" errors="0" skipped="0" failures="0">
  <properties>
[...]
</properties>
  <testcase name="shouldThrowExceptionWhenWebsiteURLSetToNull" classname="allaboutecm.model.ReviewUnitTest" time="1.113"/>
  <testcase name="reviewCannotBeEmptyOrNull(String)[1]" classname="allaboutecm.model.ReviewUnitTest" time="0.87"/>
  <testcase name="reviewCannotBeEmptyOrNull(String)[2]" classname="allaboutecm.model.ReviewUnitTest" time="0.514"/>
  <testcase name="reviewCannotBeEmptyOrNull(String)[3]" classname="allaboutecm.model.ReviewUnitTest" time="0.523"/>
  <testcase name="shouldReturnProperAlbumURLWhenSet" classname="allaboutecm.model.ReviewUnitTest" time="2.137"/>
  <testcase name="shouldThrowUnknownHostExceptionWhenInvalidWebsiteURLIsSet" classname="allaboutecm.model.ReviewUnitTest" time="0.412"/>
  <testcase name="shouldAcceptIntegerOfWholeNumber(int)[1]" classname="allaboutecm.model.ReviewUnitTest" time="0.405"/>
  <testcase name="shouldAcceptIntegerOfWholeNumber(int)[2]" classname="allaboutecm.model.ReviewUnitTest" time="0.407"/>
  <testcase name="shouldAcceptIntegerOfWholeNumber(int)[3]" classname="allaboutecm.model.ReviewUnitTest" time="0.341"/>
  <testcase name="shouldAcceptIntegerOfWholeNumber(int)[4]" classname="allaboutecm.model.ReviewUnitTest" time="0.347"/>
  <testcase name="sameRatingURLandSameRatingMeansSameReview" classname="allaboutecm.model.ReviewUnitTest" time="0.711"/>
  <testcase name="shouldConstructReview" classname="allaboutecm.model.ReviewUnitTest" time="0.348"/>
  <testcase name="shouldThrowNullPointerExceptionWhenRatingIsSetToNull" classname="allaboutecm.model.ReviewUnitTest" time="0.339"/>
  <testcase name="shouldThrowIllegalArgumentExceptionWhenRatingIsSetToNegative(Double)[1]" classname="allaboutecm.model.ReviewUnitTest" time="0.466"/>
  <testcase name="shouldThrowIllegalArgumentExceptionWhenRatingIsSetToNegative(Double)[2]" classname="allaboutecm.model.ReviewUnitTest" time="0.346"/>
  <testcase name="shouldThrowIllegalArgumentExceptionWhenRatingValueSetOutOfRange(Double)[1]" classname="allaboutecm.model.ReviewUnitTest" time="0.393"/>
  <testcase name="shouldThrowIllegalArgumentExceptionWhenRatingValueSetOutOfRange(Double)[2]" classname="allaboutecm.model.ReviewUnitTest" time="0.379"/>
</testsuite>