<?xml version="1.0" encoding="UTF-8"?>
<testsuite xmlns:xsi="http://www.w3.org/2001/XMLSchema-instance" xsi:noNamespaceSchemaLocation="https://maven.apache.org/surefire/maven-surefire-plugin/xsd/surefire-test-report-3.0.xsd" version="3.0" name="allaboutecm.model.AlbumUnitTest" time="4.296" tests="75" errors="0" skipped="0" failures="0">
  <properties>
[...]
</properties>
  <testcase name="shouldAcceptProperRecordNumber(String)[1]" classname="allaboutecm.model.AlbumUnitTest" time="0.02"/>
  <testcase name="shouldAcceptProperRecordNumber(String)[2]" classname="allaboutecm.model.AlbumUnitTest" time="0"/>
  <testcase name="twoMusicianNamesShouldReferSameMusician" classname="allaboutecm.model.AlbumUnitTest" time="0.003"/>
  <testcase name="shouldThrowNullPointerExceptionWhenGenreSetToNull" classname="allaboutecm.model.AlbumUnitTest" time="0.001"/>
  <testcase name="genreCannotBeEmptyOrBlank(String)[1]" classname="allaboutecm.model.AlbumUnitTest" time="0.001"/>
  <testcase name="genreCannotBeEmptyOrBlank(String)[2]" classname="allaboutecm.model.AlbumUnitTest" time="0.001"/>
  <testcase name="genreCannotBeEmptyOrBlank(String)[3]" classname="allaboutecm.model.AlbumUnitTest" time="0.001"/>
  <testcase name="shouldAcceptProperAlbumName(String)[1]" classname="allaboutecm.model.AlbumUnitTest" time="0.001"/>
  <testcase name="shouldAcceptProperAlbumName(String)[2]" classname="allaboutecm.model.AlbumUnitTest" time="0.002"/>
  <testcase name="shouldAcceptProperAlbumName(String)[3]" classname="allaboutecm.model.AlbumUnitTest" time="0.001"/>
  <testcase name="shouldAcceptProperAlbumName(String)[4]" classname="allaboutecm.model.AlbumUnitTest" time="0.001"/>
  <testcase name="recordNumberShouldOnlyAcceptPredefinedPrefixWithSpace(String)[1]" classname="allaboutecm.model.AlbumUnitTest" time="0.001"/>
  <testcase name="recordNumberShouldOnlyAcceptPredefinedPrefixWithSpace(String)[2]" classname="allaboutecm.model.AlbumUnitTest" time="0.001"/>
  <testcase name="albumNameCannotBeEmptyOrBlank(String)[1]" classname="allaboutecm.model.AlbumUnitTest" time="0.004"/>
  <testcase name="albumNameCannotBeEmptyOrBlank(String)[2]" classname="allaboutecm.model.AlbumUnitTest" time="0"/>
  <testcase name="albumNameCannotBeEmptyOrBlank(String)[3]" classname="allaboutecm.model.AlbumUnitTest" time="0.001"/>
  <testcase name="shouldThrowNullPointerExceptionWhenTrackSetToNull" classname="allaboutecm.model.AlbumUnitTest" time="0.002"/>
  <testcase name="twoReviewWithSameReviewWebsiteURLandRatingShouldReturnSameReview" classname="allaboutecm.model.AlbumUnitTest" time="0.598"/>
  <testcase name="shouldThrowExceptionWhenAlbumURLSetToNull" classname="allaboutecm.model.AlbumUnitTest" time="0.001"/>
  <testcase name="releaseYearShouldBeBetween1970AndCurrent" classname="allaboutecm.model.AlbumUnitTest" time="0.01"/>
  <testcase name="shouldAcceptValidReleaseFormats(String)[1]" classname="allaboutecm.model.AlbumUnitTest" time="0"/>
  <testcase name="shouldAcceptValidReleaseFormats(String)[2]" classname="allaboutecm.model.AlbumUnitTest" time="0"/>
  <testcase name="shouldAcceptValidReleaseFormats(String)[3]" classname="allaboutecm.model.AlbumUnitTest" time="0"/>
  <testcase name="shouldAcceptValidReleaseFormats(String)[4]" classname="allaboutecm.model.AlbumUnitTest" time="0"/>
  <testcase name="shouldAcceptValidReleaseFormats(String)[5]" classname="allaboutecm.model.AlbumUnitTest" time="0"/>
  <testcase name="shouldThrowExceptionWhenFeaturedMusicianSetToNull" classname="allaboutecm.model.AlbumUnitTest" time="0.003"/>
  <testcase name="releaseFormatCannotBeEmptyOrBlank(String)[1]" classname="allaboutecm.model.AlbumUnitTest" time="0.001"/>
  <testcase name="releaseFormatCannotBeEmptyOrBlank(String)[2]" classname="allaboutecm.model.AlbumUnitTest" time="0.001"/>
  <testcase name="releaseFormatCannotBeEmptyOrBlank(String)[3]" classname="allaboutecm.model.AlbumUnitTest" time="0.001"/>
  <testcase name="shouldThrowIllegalArgumentExceptionWhenHostnameDoesNotContainEcmecords" classname="allaboutecm.model.AlbumUnitTest" time="0.763"/>
  <testcase name="shouldThrowExceptionWhenRecordNumberSetToNull" classname="allaboutecm.model.AlbumUnitTest" time="0.001"/>
  <testcase name="shouldAcceptProperGenre(String)[1]" classname="allaboutecm.model.AlbumUnitTest" time="0.001"/>
  <testcase name="shouldAcceptProperGenre(String)[2]" classname="allaboutecm.model.AlbumUnitTest" time="0"/>
  <testcase name="shouldAcceptProperGenre(String)[3]" classname="allaboutecm.model.AlbumUnitTest" time="0"/>
  <testcase name="shouldAcceptProperGenre(String)[4]" classname="allaboutecm.model.AlbumUnitTest" time="0.001"/>
  <testcase name="shouldAcceptProperGenre(String)[5]" classname="allaboutecm.model.AlbumUnitTest" time="0.003"/>
  <testcase name="shouldAcceptProperGenre(String)[6]" classname="allaboutecm.model.AlbumUnitTest" time="0.001"/>
  <testcase name="shouldThrowIllegalArgumentExceptionWhenGenreSetInvalidValues(String)[1]" classname="allaboutecm.model.AlbumUnitTest" time="0.001"/>
  <testcase name="shouldThrowIllegalArgumentExceptionWhenGenreSetInvalidValues(String)[2]" classname="allaboutecm.model.AlbumUnitTest" time="0"/>
  <testcase name="shouldThrowIllegalArgumentExceptionWhenGenreSetInvalidValues(String)[3]" classname="allaboutecm.model.AlbumUnitTest" time="0"/>
  <testcase name="shouldThrowIllegalArgumentExceptionWhenGenreSetInvalidValues(String)[4]" classname="allaboutecm.model.AlbumUnitTest" time="0"/>
  <testcase name="shouldThrowIllegalArgumentExceptionWhenGenreSetInvalidValues(String)[5]" classname="allaboutecm.model.AlbumUnitTest" time="0"/>
  <testcase name="shouldThrowIllegalArgumentExceptionWhenGenreSetInvalidValues(String)[6]" classname="allaboutecm.model.AlbumUnitTest" time="0.001"/>
  <testcase name="shouldThrowIllegalArgumentExceptionWhenGenreSetInvalidValues(String)[7]" classname="allaboutecm.model.AlbumUnitTest" time="0.001"/>
  <testcase name="shouldThrowIllegalArgumentExceptionPrefixCaseIsNotFollowed" classname="allaboutecm.model.AlbumUnitTest" time="0.001"/>
  <testcase name="twoMusicalInstrumentShouldReferSameMusicianAndSameMusicalInstrumentOfMusicianInstrumentAttribute" classname="allaboutecm.model.AlbumUnitTest" time="0.002"/>
  <testcase name="test" classname="allaboutecm.model.AlbumUnitTest" time="0.002"/>
  <testcase name="shouldReturnCorrectValueWhichIsSetForReleaseYear" classname="allaboutecm.model.AlbumUnitTest" time="0.001"/>
  <testcase name="shouldThrowNullPointerExceptionWhenAlbumReviewSetNull" classname="allaboutecm.model.AlbumUnitTest" time="0.001"/>
  <testcase name="shouldConstructAlbum" classname="allaboutecm.model.AlbumUnitTest" time="0"/>
  <testcase name="shouldReturnProperECMURL" classname="allaboutecm.model.AlbumUnitTest" time="2.773"/>
  <testcase name="twoTracksWithSameNameAndLengthShouldReferSameTrack" classname="allaboutecm.model.AlbumUnitTest" time="0.002"/>
  <testcase name="sameNameAndNumberMeansSameAlbum" classname="allaboutecm.model.AlbumUnitTest" time="0"/>
  <testcase name="shouldThrowExceptionWhenAlbumNameSetToNull" classname="allaboutecm.model.AlbumUnitTest" time="0"/>
  <testcase name="shouldThrowIllegalArgumentExceptionWhenAlbumNameIsSetALetter(String)[1]" classname="allaboutecm.model.AlbumUnitTest" time="0.001"/>
  <testcase name="shouldThrowIllegalArgumentExceptionWhenAlbumNameIsSetALetter(String)[2]" classname="allaboutecm.model.AlbumUnitTest" time="0"/>
  <testcase name="shouldThrowIllegalArgumentExceptionWhenAlbumNameIsSetALetter(String)[3]" classname="allaboutecm.model.AlbumUnitTest" time="0"/>
  <testcase name="shouldThrowIllegalArgumentExceptionWhenAlbumNameIsSetALetter(String)[4]" classname="allaboutecm.model.AlbumUnitTest" time="0"/>
  <testcase name="shouldThrowIllegalArgumentExceptionWhenAlbumNameIsSetALetter(String)[5]" classname="allaboutecm.model.AlbumUnitTest" time="0"/>
  <testcase name="shouldThrowIllegalArgumentExceptionWhenAlbumNameIsSetALetter(String)[6]" classname="allaboutecm.model.AlbumUnitTest" time="0"/>
  <testcase name="shouldThrowIllegalArgumentExceptionWhenAlbumNameIsSetALetter(String)[7]" classname="allaboutecm.model.AlbumUnitTest" time="0"/>
  <testcase name="recordNumberShouldOnlyAcceptSuffixOfNumber(String)[1]" classname="allaboutecm.model.AlbumUnitTest" time="0.001"/>
  <testcase name="recordNumberShouldOnlyAcceptSuffixOfNumber(String)[2]" classname="allaboutecm.model.AlbumUnitTest" time="0"/>
  <testcase name="recordNumberShouldReturnProperValueAddingAndUpdating" classname="allaboutecm.model.AlbumUnitTest" time="0.001"/>
  <testcase name="recordNumberCanOnlyAcceptAlphanumericWithSpaceORWithForwardSlash(String)[1]" classname="allaboutecm.model.AlbumUnitTest" time="0"/>
  <testcase name="recordNumberCanOnlyAcceptAlphanumericWithSpaceORWithForwardSlash(String)[2]" classname="allaboutecm.model.AlbumUnitTest" time="0"/>
  <testcase name="recordNumberCanOnlyAcceptAlphanumericWithSpaceORWithForwardSlash(String)[3]" classname="allaboutecm.model.AlbumUnitTest" time="0"/>
  <testcase name="shouldThrowUnknownHostExceptionWhenInvalidURLIsSet" classname="allaboutecm.model.AlbumUnitTest" time="0.001"/>
  <testcase name="shouldThrowExceptionWhenSetInstrumentsSetToNull" classname="allaboutecm.model.AlbumUnitTest" time="0.001"/>
  <testcase name="shouldRejectInvalidReleaseFormats(String)[1]" classname="allaboutecm.model.AlbumUnitTest" time="0.001"/>
  <testcase name="shouldRejectInvalidReleaseFormats(String)[2]" classname="allaboutecm.model.AlbumUnitTest" time="0.001"/>
  <testcase name="shouldRejectInvalidReleaseFormats(String)[3]" classname="allaboutecm.model.AlbumUnitTest" time="0"/>
  <testcase name="shouldRejectInvalidReleaseFormats(String)[4]" classname="allaboutecm.model.AlbumUnitTest" time="0"/>
  <testcase name="shouldRejectInvalidReleaseFormats(String)[5]" classname="allaboutecm.model.AlbumUnitTest" time="0"/>
  <testcase name="shouldThrowNullPointerExceptionWhenAlbumReleaseFormatSetNull" classname="allaboutecm.model.AlbumUnitTest" time="0.001"/>
</testsuite>